{
  "RSpec": {
    "coverage": {
      "/Users/shirleydecesari/turing/2module/relational_rails/national_park/config/environment.rb": {
        "lines": [
          null,
          1,
          null,
          null,
          1
        ]
      },
      "/Users/shirleydecesari/turing/2module/relational_rails/national_park/config/application.rb": {
        "lines": [
          1,
          null,
          1,
          null,
          1,
          1,
          1,
          1,
          1,
          1,
          1,
          1,
          1,
          null,
          null,
          null,
          null,
          1,
          null,
          1,
          1,
          null,
          1,
          null,
          null,
          null,
          null,
          null,
          null,
          null,
          1,
          null,
          null
        ]
      },
      "/Users/shirleydecesari/turing/2module/relational_rails/national_park/config/boot.rb": {
        "lines": [
          1,
          null,
          1,
          1
        ]
      },
      "/Users/shirleydecesari/turing/2module/relational_rails/national_park/config/environments/test.rb": {
        "lines": [
          1,
          null,
          null,
          null,
          null,
          null,
          null,
          1,
          null,
          null,
          null,
          null,
          1,
          null,
          null,
          1,
          1,
          null,
          null,
          null,
          null,
          1,
          1,
          null,
          null,
          1,
          null,
          null,
          1,
          null,
          null,
          1,
          null,
          1,
          null,
          null,
          null,
          null,
          1,
          null,
          null,
          1,
          null,
          null,
          null,
          null
        ]
      },
      "/Users/shirleydecesari/turing/2module/relational_rails/national_park/config/initializers/application_controller_renderer.rb": {
        "lines": [
          null,
          null,
          null,
          null,
          null,
          null,
          null,
          null
        ]
      },
      "/Users/shirleydecesari/turing/2module/relational_rails/national_park/config/initializers/assets.rb": {
        "lines": [
          null,
          null,
          null,
          1,
          null,
          null,
          null,
          null,
          1,
          null,
          null,
          null,
          null,
          null
        ]
      },
      "/Users/shirleydecesari/turing/2module/relational_rails/national_park/config/initializers/backtrace_silencers.rb": {
        "lines": [
          null,
          null,
          null,
          null,
          null,
          null,
          null
        ]
      },
      "/Users/shirleydecesari/turing/2module/relational_rails/national_park/config/initializers/content_security_policy.rb": {
        "lines": [
          null,
          null,
          null,
          null,
          null,
          null,
          null,
          null,
          null,
          null,
          null,
          null,
          null,
          null,
          null,
          null,
          null,
          null,
          null,
          null,
          null,
          null,
          null,
          null,
          null
        ]
      },
      "/Users/shirleydecesari/turing/2module/relational_rails/national_park/config/initializers/cookies_serializer.rb": {
        "lines": [
          null,
          null,
          null,
          null,
          1
        ]
      },
      "/Users/shirleydecesari/turing/2module/relational_rails/national_park/config/initializers/filter_parameter_logging.rb": {
        "lines": [
          null,
          null,
          null,
          1
        ]
      },
      "/Users/shirleydecesari/turing/2module/relational_rails/national_park/config/initializers/inflections.rb": {
        "lines": [
          null,
          null,
          null,
          null,
          null,
          null,
          null,
          null,
          null,
          null,
          null,
          null,
          null,
          null,
          null,
          null
        ]
      },
      "/Users/shirleydecesari/turing/2module/relational_rails/national_park/config/initializers/mime_types.rb": {
        "lines": [
          null,
          null,
          null,
          null
        ]
      },
      "/Users/shirleydecesari/turing/2module/relational_rails/national_park/config/initializers/wrap_parameters.rb": {
        "lines": [
          null,
          null,
          null,
          null,
          null,
          null,
          1,
          2,
          null,
          null,
          null,
          null,
          null,
          null
        ]
      },
      "/Users/shirleydecesari/turing/2module/relational_rails/national_park/config/routes.rb": {
        "lines": [
          1,
          null,
          1,
          1,
          1,
          null
        ]
      },
      "/Users/shirleydecesari/turing/2module/relational_rails/national_park/app/helpers/application_helper.rb": {
        "lines": [
          1,
          null
        ]
      },
      "/Users/shirleydecesari/turing/2module/relational_rails/national_park/spec/features/parks/show_spec.rb": {
        "lines": [
          1,
          null,
          1,
          1,
          1,
          null,
          1,
          null,
          1,
          1,
          1,
          null,
          null,
          null,
          null
        ]
      },
      "/Users/shirleydecesari/turing/2module/relational_rails/national_park/spec/features/trails/index_spec.rb": {
        "lines": [
          1,
          null,
          1,
          1,
          1,
          1,
          null,
          1,
          null,
          1,
          null,
          null
        ]
      },
      "/Users/shirleydecesari/turing/2module/relational_rails/national_park/spec/models/park_spec.rb": {
        "lines": [
          1,
          null,
          1,
          1,
          2,
          2,
          2,
          2,
          null,
          null,
          1,
          2,
          null,
          null
        ]
      },
      "/Users/shirleydecesari/turing/2module/relational_rails/national_park/app/models/park.rb": {
        "lines": [
          1,
          1,
          1,
          1,
          1,
          null
        ]
      },
      "/Users/shirleydecesari/turing/2module/relational_rails/national_park/app/models/application_record.rb": {
        "lines": [
          1,
          1,
          null
        ]
      },
      "/Users/shirleydecesari/turing/2module/relational_rails/national_park/spec/models/trail_spec.rb": {
        "lines": [
          1,
          null,
          1,
          1,
          2,
          2,
          2,
          2,
          null,
          null,
          1,
          2,
          null,
          null
        ]
      },
      "/Users/shirleydecesari/turing/2module/relational_rails/national_park/app/models/trail.rb": {
        "lines": [
          1,
          1,
          1,
          1,
          1,
          null
        ]
      },
      "/Users/shirleydecesari/turing/2module/relational_rails/national_park/app/controllers/parks_controller.rb": {
        "lines": [
          1,
          1,
          1,
          null,
          null,
          1,
          1,
          null,
          null
        ]
      },
      "/Users/shirleydecesari/turing/2module/relational_rails/national_park/app/controllers/application_controller.rb": {
        "lines": [
          1,
          null
        ]
      },
      "/Users/shirleydecesari/turing/2module/relational_rails/national_park/app/controllers/trails_controller.rb": {
        "lines": [
          1,
          1,
          1,
          null,
          null,
          null
        ]
      }
    },
    "timestamp": 1657332622
  }
}
